
Error: Failed to find Server Action "null". This request might be from an older or newer deployment. Original error: Invariant: Missing 'next-action' header.
    at rv (/home/texoncrm/nodevenv/echoshare.pro/19/lib/node_modules/next/dist/compiled/next-server/app-page.runtime.prod.js:16:1666)
    at /home/texoncrm/nodevenv/echoshare.pro/19/lib/node_modules/next/dist/compiled/next-server/app-page.runtime.prod.js:15:7002
    at AsyncLocalStorage.run (node:async_hooks:338:14)
    at rg (/home/texoncrm/nodevenv/echoshare.pro/19/lib/node_modules/next/dist/compiled/next-server/app-page.runtime.prod.js:15:6317)
    at rz (/home/texoncrm/nodevenv/echoshare.pro/19/lib/node_modules/next/dist/compiled/next-server/app-page.runtime.prod.js:16:24715)
    at /home/texoncrm/nodevenv/echoshare.pro/19/lib/node_modules/next/dist/compiled/next-server/app-page.runtime.prod.js:16:27397
    at AsyncLocalStorage.run (node:async_hooks:338:14)
    at Object.wrap (/home/texoncrm/nodevenv/echoshare.pro/19/lib/node_modules/next/dist/compiled/next-server/app-page.runtime.prod.js:13:16207)
    at /home/texoncrm/nodevenv/echoshare.pro/19/lib/node_modules/next/dist/compiled/next-server/app-page.runtime.prod.js:16:27287
    at AsyncLocalStorage.run (node:async_hooks:338:14)
Error: Failed to find Server Action "null". This request might be from an older or newer deployment. Original error: Invariant: Missing 'next-action' header.
    at rv (/home/texoncrm/nodevenv/echoshare.pro/19/lib/node_modules/next/dist/compiled/next-server/app-page.runtime.prod.js:16:1666)
    at /home/texoncrm/nodevenv/echoshare.pro/19/lib/node_modules/next/dist/compiled/next-server/app-page.runtime.prod.js:15:7002
    at AsyncLocalStorage.run (node:async_hooks:338:14)
    at rg (/home/texoncrm/nodevenv/echoshare.pro/19/lib/node_modules/next/dist/compiled/next-server/app-page.runtime.prod.js:15:6317)
    at rz (/home/texoncrm/nodevenv/echoshare.pro/19/lib/node_modules/next/dist/compiled/next-server/app-page.runtime.prod.js:16:24715)
    at /home/texoncrm/nodevenv/echoshare.pro/19/lib/node_modules/next/dist/compiled/next-server/app-page.runtime.prod.js:16:27397
    at AsyncLocalStorage.run (node:async_hooks:338:14)
    at Object.wrap (/home/texoncrm/nodevenv/echoshare.pro/19/lib/node_modules/next/dist/compiled/next-server/app-page.runtime.prod.js:13:16207)
    at /home/texoncrm/nodevenv/echoshare.pro/19/lib/node_modules/next/dist/compiled/next-server/app-page.runtime.prod.js:16:27287
    at AsyncLocalStorage.run (node:async_hooks:338:14)
